[2026-05-25 08:13:49] fetch_error JSONDecodeError: Can not decode value starting with character '<'
[2026-05-25 08:14:57] sent 2 alert(s)
[2026-05-25 08:48:25] ok no_alert quotes=4
[2026-05-25 08:48:42] ok no_alert quotes=4
[2026-05-25 08:49:12] sent 6 alert(s)
[2026-05-25 09:27:01] sent 2 alert(s)
[2026-05-25 09:30:02] sent 2 alert(s)
[2026-05-25 09:33:03] sent 2 alert(s)
[2026-05-25 09:36:04] ok no_alert quotes=4
[2026-05-25 09:39:05] ok no_alert quotes=4
[2026-05-25 09:42:05] ok no_alert quotes=4
[2026-05-25 09:45:06] sent 1 alert(s)
[2026-05-25 09:48:07] sent 2 alert(s)
[2026-05-25 09:51:08] ok no_alert quotes=4
[2026-05-25 09:54:09] ok no_alert quotes=4
[2026-05-25 09:57:09] ok no_alert quotes=4
[2026-05-25 10:00:10] ok no_alert quotes=4
[2026-05-25 10:03:11] ok no_alert quotes=4
[2026-05-25 10:06:11] ok no_alert quotes=4
[2026-05-25 10:09:12] ok no_alert quotes=4
[2026-05-25 10:12:13] ok no_alert quotes=4
[2026-05-25 10:15:13] ok no_alert quotes=4
[2026-05-25 10:18:14] ok no_alert quotes=4
[2026-05-25 10:21:15] ok no_alert quotes=4
[2026-05-25 10:24:16] ok no_alert quotes=4
[2026-05-25 10:27:16] ok no_alert quotes=4
[2026-05-25 10:30:17] ok no_alert quotes=4
[2026-05-25 10:33:18] ok no_alert quotes=4
[2026-05-25 10:36:18] ok no_alert quotes=4
[2026-05-25 10:39:19] ok no_alert quotes=4
[2026-05-25 10:42:19] ok no_alert quotes=4
[2026-05-25 10:45:20] ok no_alert quotes=4
[2026-05-25 10:48:21] ok no_alert quotes=4
[2026-05-25 10:51:22] ok no_alert quotes=4
[2026-05-25 10:54:22] ok no_alert quotes=4
[2026-05-25 10:57:23] ok no_alert quotes=4
[2026-05-25 11:00:23] ok no_alert quotes=4
[2026-05-25 11:03:24] sent 1 alert(s)
[2026-05-25 11:06:25] ok no_alert quotes=4
[2026-05-25 11:09:26] ok no_alert quotes=4
[2026-05-25 11:12:26] ok no_alert quotes=4
[2026-05-25 11:15:27] sent 1 alert(s)
[2026-05-25 11:18:28] ok no_alert quotes=4
[2026-05-25 11:21:29] ok no_alert quotes=4
[2026-05-25 11:24:29] ok no_alert quotes=4
[2026-05-25 11:27:30] ok no_alert quotes=4
[2026-05-25 11:30:31] ok no_alert quotes=4
[2026-05-25 13:00:28] ok no_alert quotes=4
[2026-05-25 13:03:40] ok no_alert quotes=4
[2026-05-25 13:06:41] ok no_alert quotes=4
[2026-05-25 13:09:42] sent monitor_report quotes=4
[2026-05-25 13:10:41] sent monitor_report quotes=4
[2026-05-25 13:15:43] sent monitor_report quotes=4
[2026-05-25 13:20:44] sent monitor_report quotes=4
[2026-05-25 13:25:45] sent monitor_report quotes=4
[2026-05-25 13:30:46] sent monitor_report quotes=4
[2026-05-25 13:35:47] sent 1 alert(s)
[2026-05-25 13:40:48] sent monitor_report quotes=4
[2026-05-25 13:45:50] sent monitor_report quotes=4
[2026-05-25 13:50:51] sent monitor_report quotes=4
[2026-05-25 13:55:53] sent monitor_report quotes=4
[2026-05-25 14:00:19] sent monitor_report quotes=4
[2026-05-25 14:05:46] sent monitor_report quotes=4
[2026-05-25 14:08:26] sent monitor_report quotes=4
[2026-05-25 14:10:13] sent monitor_report quotes=4
[2026-05-25 14:15:14] sent monitor_report quotes=4
[2026-05-25 14:19:42] sent monitor_report quotes=4
[2026-05-25 14:20:15] sent monitor_report quotes=4
[2026-05-25 14:25:16] sent monitor_report quotes=4
[2026-05-25 14:30:18] sent monitor_report quotes=4
[2026-05-25 14:34:18] sent monitor_report quotes=4
[2026-05-25 14:35:19] sent monitor_report quotes=4
[2026-05-25 14:40:20] sent monitor_report quotes=4
[2026-05-25 14:45:21] sent monitor_report quotes=4
[2026-05-25 14:50:23] sent monitor_report quotes=4
[2026-05-25 14:55:24] sent monitor_report quotes=4
[2026-05-25 15:00:26] sent monitor_report quotes=4
[2026-05-26 09:08:42] sent monitor_report quotes=4
[2026-05-26 09:08:52] sent monitor_report quotes=4
[2026-05-26 09:16:14] sent monitor_report quotes=4
[2026-05-26 09:17:36] sent monitor_report quotes=4
[2026-05-26 09:18:06] sent monitor_report quotes=4
[2026-05-26 09:25:56] sent 5 alert(s)
[2026-05-26 09:30:58] sent 3 alert(s)
[2026-05-26 09:35:59] sent 1 alert(s)
[2026-05-26 09:40:00] sent monitor_report quotes=4
[2026-05-26 09:45:01] sent 2 alert(s)
[2026-05-26 09:50:03] sent monitor_report quotes=4
[2026-05-26 09:55:04] sent monitor_report quotes=4
[2026-05-26 10:00:05] sent monitor_report quotes=4
[2026-05-26 10:05:07] sent monitor_report quotes=4
[2026-05-26 10:10:08] sent monitor_report quotes=4
[2026-05-26 10:15:09] sent monitor_report quotes=4
[2026-05-26 10:20:11] sent monitor_report quotes=4
[2026-05-26 10:25:12] sent monitor_report quotes=4
[2026-05-26 10:30:14] sent 1 alert(s)
[2026-05-26 10:35:15] sent monitor_report quotes=4
[2026-05-26 10:40:16] sent monitor_report quotes=4
[2026-05-26 10:45:17] sent monitor_report quotes=4
[2026-05-26 10:50:19] sent monitor_report quotes=4
[2026-05-26 10:55:20] sent monitor_report quotes=4
[2026-05-26 11:00:21] sent monitor_report quotes=4
[2026-05-26 11:05:23] sent monitor_report quotes=4
[2026-05-26 11:10:24] sent monitor_report quotes=4
[2026-05-26 11:15:25] sent monitor_report quotes=4
[2026-05-26 11:20:26] sent monitor_report quotes=4
[2026-05-26 11:25:27] sent 1 alert(s)
[2026-05-26 11:30:29] sent monitor_report quotes=4
[2026-05-26 13:00:45] sent monitor_report quotes=4
[2026-05-26 13:05:46] sent monitor_report quotes=4
[2026-05-26 13:10:47] sent monitor_report quotes=4
[2026-05-26 13:15:49] sent monitor_report quotes=4
[2026-05-26 13:20:50] sent monitor_report quotes=4
[2026-05-26 13:25:51] sent monitor_report quotes=4
[2026-05-26 13:30:53] sent 1 alert(s)
[2026-05-26 13:35:54] sent monitor_report quotes=4
[2026-05-26 13:40:55] sent monitor_report quotes=4
[2026-05-26 13:45:57] sent monitor_report quotes=4
[2026-05-26 13:50:58] sent monitor_report quotes=4
[2026-05-26 13:55:59] sent monitor_report quotes=4
[2026-05-26 14:00:00] sent monitor_report quotes=4
[2026-05-26 14:05:02] sent monitor_report quotes=4
[2026-05-26 14:10:03] sent monitor_report quotes=4
[2026-05-26 14:15:05] sent monitor_report quotes=4
[2026-05-26 14:20:06] sent monitor_report quotes=4
[2026-05-26 14:25:07] sent monitor_report quotes=4
[2026-05-26 14:30:09] sent monitor_report quotes=4
[2026-05-26 14:35:10] sent monitor_report quotes=4
[2026-05-26 14:40:11] sent monitor_report quotes=4
[2026-05-26 14:45:13] sent monitor_report quotes=4
[2026-05-26 14:50:14] sent monitor_report quotes=4
[2026-05-26 14:55:15] sent monitor_report quotes=4
[2026-05-26 18:53:02] sent monitor_report quotes=4
[2026-05-26 19:09:08] silent no_event_no_snapshot quotes=4
[2026-05-27 09:25:34] sent 3 alert(s)
[2026-05-27 09:26:35] skipped event_check minute=26
[2026-05-27 09:26:35] silent no_event_no_snapshot quotes=4
[2026-05-27 09:27:35] skipped event_check minute=27
[2026-05-27 09:27:35] silent no_event_no_snapshot quotes=4
[2026-05-27 09:28:36] skipped event_check minute=28
[2026-05-27 09:28:36] silent no_event_no_snapshot quotes=4
[2026-05-27 09:29:36] skipped event_check minute=29
[2026-05-27 09:29:36] silent no_event_no_snapshot quotes=4
[2026-05-27 09:30:37] sent monitor_report quotes=4
[2026-05-27 09:31:37] skipped event_check minute=31
[2026-05-27 09:31:37] silent no_event_no_snapshot quotes=4
[2026-05-27 09:32:38] skipped event_check minute=32
[2026-05-27 09:32:38] silent no_event_no_snapshot quotes=4
[2026-05-27 09:33:08] sent 7 alert(s)
[2026-05-27 09:33:38] skipped event_check minute=33
[2026-05-27 09:33:38] silent no_event_no_snapshot quotes=7
[2026-05-27 09:34:38] skipped event_check minute=34
[2026-05-27 09:34:38] silent no_event_no_snapshot quotes=7
[2026-05-27 09:35:39] sent 2 alert(s)
[2026-05-27 09:36:40] skipped event_check minute=36
[2026-05-27 09:36:40] silent no_event_no_snapshot quotes=7
[2026-05-27 09:37:40] skipped event_check minute=37
[2026-05-27 09:37:40] silent no_event_no_snapshot quotes=7
[2026-05-27 09:38:40] skipped event_check minute=38
[2026-05-27 09:38:40] silent no_event_no_snapshot quotes=7
[2026-05-27 09:39:41] skipped event_check minute=39
[2026-05-27 09:39:41] silent no_event_no_snapshot quotes=7
[2026-05-27 09:40:41] sent 3 alert(s)
[2026-05-27 09:41:42] skipped event_check minute=41
[2026-05-27 09:41:42] silent no_event_no_snapshot quotes=7
[2026-05-27 09:42:42] skipped event_check minute=42
[2026-05-27 09:42:42] silent no_event_no_snapshot quotes=7
[2026-05-27 09:43:42] skipped event_check minute=43
[2026-05-27 09:43:42] silent no_event_no_snapshot quotes=7
[2026-05-27 09:44:43] skipped event_check minute=44
[2026-05-27 09:44:43] silent no_event_no_snapshot quotes=7
[2026-05-27 09:45:43] queued delayed_snapshot after event(s)
[2026-05-27 09:45:43] sent 1 alert(s)
[2026-05-27 09:46:43] skipped event_check minute=46
[2026-05-27 09:46:43] silent no_event_no_snapshot quotes=7
[2026-05-27 09:47:44] skipped event_check minute=47
[2026-05-27 09:47:44] silent no_event_no_snapshot quotes=7
[2026-05-27 09:48:44] skipped event_check minute=48
[2026-05-27 09:48:44] sent delayed_snapshot
[2026-05-27 09:49:45] skipped event_check minute=49
[2026-05-27 09:49:45] silent no_event_no_snapshot quotes=7
[2026-05-27 09:50:45] sent 2 alert(s)
[2026-05-27 09:51:46] skipped event_check minute=51
[2026-05-27 09:51:46] silent no_event_no_snapshot quotes=7
[2026-05-27 09:52:46] skipped event_check minute=52
[2026-05-27 09:52:46] silent no_event_no_snapshot quotes=7
[2026-05-27 09:53:47] skipped event_check minute=53
[2026-05-27 09:53:47] silent no_event_no_snapshot quotes=7
[2026-05-27 09:54:47] skipped event_check minute=54
[2026-05-27 09:54:47] silent no_event_no_snapshot quotes=7
[2026-05-27 09:55:47] silent no_event_no_snapshot quotes=7
[2026-05-27 09:56:48] skipped event_check minute=56
[2026-05-27 09:56:48] silent no_event_no_snapshot quotes=7
[2026-05-27 09:57:48] skipped event_check minute=57
[2026-05-27 09:57:48] silent no_event_no_snapshot quotes=7
[2026-05-27 09:58:48] skipped event_check minute=58
[2026-05-27 09:58:48] silent no_event_no_snapshot quotes=7
[2026-05-27 09:59:49] skipped event_check minute=59
[2026-05-27 09:59:49] silent no_event_no_snapshot quotes=7
[2026-05-27 10:00:49] sent monitor_report quotes=7
[2026-05-27 10:01:50] skipped event_check minute=1
[2026-05-27 10:01:50] silent no_event_no_snapshot quotes=7
[2026-05-27 10:02:50] skipped event_check minute=2
[2026-05-27 10:02:50] silent no_event_no_snapshot quotes=7
[2026-05-27 10:03:51] skipped event_check minute=3
[2026-05-27 10:03:51] silent no_event_no_snapshot quotes=7
[2026-05-27 10:04:51] skipped event_check minute=4
[2026-05-27 10:04:51] silent no_event_no_snapshot quotes=7
[2026-05-27 10:05:51] silent no_event_no_snapshot quotes=7
[2026-05-27 10:06:51] skipped event_check minute=6
[2026-05-27 10:06:51] silent no_event_no_snapshot quotes=7
[2026-05-27 10:07:52] skipped event_check minute=7
[2026-05-27 10:07:52] silent no_event_no_snapshot quotes=7
[2026-05-27 10:08:52] skipped event_check minute=8
[2026-05-27 10:08:52] silent no_event_no_snapshot quotes=7
[2026-05-27 10:09:52] skipped event_check minute=9
[2026-05-27 10:09:52] silent no_event_no_snapshot quotes=7
[2026-05-27 10:10:53] sent 1 alert(s)
[2026-05-27 10:11:53] skipped event_check minute=11
[2026-05-27 10:11:53] silent no_event_no_snapshot quotes=7
[2026-05-27 10:12:53] skipped event_check minute=12
[2026-05-27 10:12:53] silent no_event_no_snapshot quotes=7
[2026-05-27 10:13:54] skipped event_check minute=13
[2026-05-27 10:13:54] silent no_event_no_snapshot quotes=7
[2026-05-27 10:14:54] skipped event_check minute=14
[2026-05-27 10:14:54] silent no_event_no_snapshot quotes=7
[2026-05-27 10:15:54] queued delayed_snapshot after event(s)
[2026-05-27 10:15:54] sent 1 alert(s)
[2026-05-27 10:16:55] skipped event_check minute=16
[2026-05-27 10:16:55] silent no_event_no_snapshot quotes=7
[2026-05-27 10:17:55] skipped event_check minute=17
[2026-05-27 10:17:55] silent no_event_no_snapshot quotes=7
[2026-05-27 10:18:56] skipped event_check minute=18
[2026-05-27 10:18:56] sent delayed_snapshot
[2026-05-27 10:19:56] skipped event_check minute=19
[2026-05-27 10:19:56] silent no_event_no_snapshot quotes=7
[2026-05-27 10:20:56] sent 2 alert(s)
[2026-05-27 10:21:57] skipped event_check minute=21
[2026-05-27 10:21:57] silent no_event_no_snapshot quotes=7
[2026-05-27 10:22:57] skipped event_check minute=22
[2026-05-27 10:22:57] silent no_event_no_snapshot quotes=7
[2026-05-27 10:23:58] skipped event_check minute=23
[2026-05-27 10:23:58] silent no_event_no_snapshot quotes=7
[2026-05-27 10:24:58] skipped event_check minute=24
[2026-05-27 10:24:58] silent no_event_no_snapshot quotes=7
[2026-05-27 10:25:59] silent no_event_no_snapshot quotes=7
[2026-05-27 10:26:59] skipped event_check minute=26
[2026-05-27 10:26:59] silent no_event_no_snapshot quotes=7
[2026-05-27 10:27:59] skipped event_check minute=27
[2026-05-27 10:27:59] silent no_event_no_snapshot quotes=7
[2026-05-27 10:28:59] skipped event_check minute=28
[2026-05-27 10:28:59] silent no_event_no_snapshot quotes=7
[2026-05-27 10:30:00] sent monitor_report quotes=7
[2026-05-27 10:31:26] skipped event_check minute=31
[2026-05-27 10:31:26] silent no_event_no_snapshot quotes=7
[2026-05-27 10:32:26] skipped event_check minute=32
[2026-05-27 10:32:26] silent no_event_no_snapshot quotes=7
[2026-05-27 10:33:27] skipped event_check minute=33
[2026-05-27 10:33:27] silent no_event_no_snapshot quotes=7
[2026-05-27 10:34:27] skipped event_check minute=34
[2026-05-27 10:34:27] silent no_event_no_snapshot quotes=7
[2026-05-27 10:35:27] silent no_event_no_snapshot quotes=7
[2026-05-27 10:36:27] skipped event_check minute=36
[2026-05-27 10:36:27] silent no_event_no_snapshot quotes=7
[2026-05-27 10:37:28] skipped event_check minute=37
[2026-05-27 10:37:28] silent no_event_no_snapshot quotes=7
[2026-05-27 10:38:28] skipped event_check minute=38
[2026-05-27 10:38:28] silent no_event_no_snapshot quotes=7
[2026-05-27 10:39:28] skipped event_check minute=39
[2026-05-27 10:39:28] silent no_event_no_snapshot quotes=7
[2026-05-27 10:40:29] sent 2 alert(s)
[2026-05-27 10:41:55] skipped event_check minute=41
[2026-05-27 10:41:55] silent no_event_no_snapshot quotes=7
[2026-05-27 10:42:55] skipped event_check minute=42
[2026-05-27 10:42:55] silent no_event_no_snapshot quotes=7
[2026-05-27 10:43:56] skipped event_check minute=43
[2026-05-27 10:43:56] silent no_event_no_snapshot quotes=7
[2026-05-27 10:44:56] skipped event_check minute=44
[2026-05-27 10:44:56] silent no_event_no_snapshot quotes=7
[2026-05-27 10:45:56] sent monitor_report quotes=7
[2026-05-27 10:47:23] skipped event_check minute=47
[2026-05-27 10:47:23] silent no_event_no_snapshot quotes=7
[2026-05-27 10:48:23] skipped event_check minute=48
[2026-05-27 10:48:23] silent no_event_no_snapshot quotes=7
[2026-05-27 10:49:23] skipped event_check minute=49
[2026-05-27 10:49:23] silent no_event_no_snapshot quotes=7
[2026-05-27 10:50:24] silent no_event_no_snapshot quotes=7
[2026-05-27 10:51:24] skipped event_check minute=51
[2026-05-27 10:51:24] silent no_event_no_snapshot quotes=7
[2026-05-27 10:52:25] skipped event_check minute=52
[2026-05-27 10:52:25] silent no_event_no_snapshot quotes=7
[2026-05-27 10:53:25] skipped event_check minute=53
[2026-05-27 10:53:25] silent no_event_no_snapshot quotes=7
[2026-05-27 10:54:25] skipped event_check minute=54
[2026-05-27 10:54:25] silent no_event_no_snapshot quotes=7
[2026-05-27 10:55:25] silent no_event_no_snapshot quotes=7
[2026-05-27 10:56:26] skipped event_check minute=56
[2026-05-27 10:56:26] silent no_event_no_snapshot quotes=7
[2026-05-27 10:57:26] skipped event_check minute=57
[2026-05-27 10:57:26] silent no_event_no_snapshot quotes=7
[2026-05-27 10:58:27] skipped event_check minute=58
[2026-05-27 10:58:27] silent no_event_no_snapshot quotes=7
[2026-05-27 10:59:27] skipped event_check minute=59
[2026-05-27 10:59:27] silent no_event_no_snapshot quotes=7
[2026-05-27 11:00:27] sent monitor_report quotes=7
[2026-05-27 11:01:54] skipped event_check minute=1
[2026-05-27 11:01:54] silent no_event_no_snapshot quotes=7
[2026-05-27 11:02:54] skipped event_check minute=2
[2026-05-27 11:02:54] silent no_event_no_snapshot quotes=7
[2026-05-27 11:03:54] skipped event_check minute=3
[2026-05-27 11:03:54] silent no_event_no_snapshot quotes=7
[2026-05-27 11:04:54] skipped event_check minute=4
[2026-05-27 11:04:54] silent no_event_no_snapshot quotes=7
[2026-05-27 11:05:55] sent 1 alert(s)
[2026-05-27 11:07:21] skipped event_check minute=7
[2026-05-27 11:07:21] silent no_event_no_snapshot quotes=7
[2026-05-27 11:08:21] skipped event_check minute=8
[2026-05-27 11:08:21] silent no_event_no_snapshot quotes=7
[2026-05-27 11:09:22] skipped event_check minute=9
[2026-05-27 11:09:22] silent no_event_no_snapshot quotes=7
[2026-05-27 11:10:22] silent no_event_no_snapshot quotes=7
[2026-05-27 11:11:22] skipped event_check minute=11
[2026-05-27 11:11:22] silent no_event_no_snapshot quotes=7
[2026-05-27 11:12:23] skipped event_check minute=12
[2026-05-27 11:12:23] silent no_event_no_snapshot quotes=7
[2026-05-27 11:13:23] skipped event_check minute=13
[2026-05-27 11:13:23] silent no_event_no_snapshot quotes=7
[2026-05-27 11:14:24] skipped event_check minute=14
[2026-05-27 11:14:24] silent no_event_no_snapshot quotes=7
[2026-05-27 11:15:24] sent monitor_report quotes=7
[2026-05-27 11:16:51] skipped event_check minute=16
[2026-05-27 11:16:51] silent no_event_no_snapshot quotes=7
[2026-05-27 11:17:51] skipped event_check minute=17
[2026-05-27 11:17:51] silent no_event_no_snapshot quotes=7
[2026-05-27 11:18:51] skipped event_check minute=18
[2026-05-27 11:18:51] silent no_event_no_snapshot quotes=7
[2026-05-27 11:19:52] skipped event_check minute=19
[2026-05-27 11:19:52] silent no_event_no_snapshot quotes=7
[2026-05-27 11:20:52] silent no_event_no_snapshot quotes=7
[2026-05-27 11:21:52] skipped event_check minute=21
[2026-05-27 11:21:52] silent no_event_no_snapshot quotes=7
[2026-05-27 11:22:53] skipped event_check minute=22
[2026-05-27 11:22:53] silent no_event_no_snapshot quotes=7
[2026-05-27 11:23:53] skipped event_check minute=23
[2026-05-27 11:23:53] silent no_event_no_snapshot quotes=7
[2026-05-27 11:24:53] skipped event_check minute=24
[2026-05-27 11:24:53] silent no_event_no_snapshot quotes=7
[2026-05-27 11:25:53] silent no_event_no_snapshot quotes=7
[2026-05-27 11:26:54] skipped event_check minute=26
[2026-05-27 11:26:54] silent no_event_no_snapshot quotes=7
[2026-05-27 11:27:54] skipped event_check minute=27
[2026-05-27 11:27:54] silent no_event_no_snapshot quotes=7
[2026-05-27 11:28:54] skipped event_check minute=28
[2026-05-27 11:28:54] silent no_event_no_snapshot quotes=7
[2026-05-27 11:29:55] skipped event_check minute=29
[2026-05-27 11:29:55] silent no_event_no_snapshot quotes=7
[2026-05-27 11:30:55] sent monitor_report quotes=7
[2026-05-27 13:00:46] sent monitor_report quotes=7
[2026-05-27 13:01:47] skipped event_check minute=1
[2026-05-27 13:01:47] silent no_event_no_snapshot quotes=7
[2026-05-27 13:02:47] skipped event_check minute=2
[2026-05-27 13:02:47] silent no_event_no_snapshot quotes=7
[2026-05-27 13:03:48] skipped event_check minute=3
[2026-05-27 13:03:48] silent no_event_no_snapshot quotes=7
[2026-05-27 13:04:48] skipped event_check minute=4
[2026-05-27 13:04:48] silent no_event_no_snapshot quotes=7
[2026-05-27 13:05:48] silent no_event_no_snapshot quotes=7
[2026-05-27 13:06:49] skipped event_check minute=6
[2026-05-27 13:06:49] silent no_event_no_snapshot quotes=7
[2026-05-27 13:07:49] skipped event_check minute=7
[2026-05-27 13:07:49] silent no_event_no_snapshot quotes=7
[2026-05-27 13:08:50] skipped event_check minute=8
[2026-05-27 13:08:50] silent no_event_no_snapshot quotes=7
[2026-05-27 13:09:50] skipped event_check minute=9
[2026-05-27 13:09:50] silent no_event_no_snapshot quotes=7
[2026-05-27 13:10:50] silent no_event_no_snapshot quotes=7
[2026-05-27 13:11:51] skipped event_check minute=11
[2026-05-27 13:11:51] silent no_event_no_snapshot quotes=7
[2026-05-27 13:12:51] skipped event_check minute=12
[2026-05-27 13:12:51] silent no_event_no_snapshot quotes=7
[2026-05-27 13:13:51] skipped event_check minute=13
[2026-05-27 13:13:51] silent no_event_no_snapshot quotes=7
[2026-05-27 13:14:52] skipped event_check minute=14
[2026-05-27 13:14:52] silent no_event_no_snapshot quotes=7
[2026-05-27 13:15:52] queued delayed_snapshot after event(s)
[2026-05-27 13:15:52] sent 1 alert(s)
[2026-05-27 13:16:55] skipped event_check minute=16
[2026-05-27 13:16:55] silent no_event_no_snapshot quotes=7
[2026-05-27 13:17:55] skipped event_check minute=17
[2026-05-27 13:17:55] silent no_event_no_snapshot quotes=7
[2026-05-27 13:18:56] skipped event_check minute=18
[2026-05-27 13:18:56] sent delayed_snapshot
[2026-05-27 13:19:56] skipped event_check minute=19
[2026-05-27 13:19:56] silent no_event_no_snapshot quotes=7
[2026-05-27 13:20:57] silent no_event_no_snapshot quotes=7
[2026-05-27 13:21:57] skipped event_check minute=21
[2026-05-27 13:21:57] silent no_event_no_snapshot quotes=7
[2026-05-27 13:22:57] skipped event_check minute=22
[2026-05-27 13:22:57] silent no_event_no_snapshot quotes=7
[2026-05-27 13:23:58] skipped event_check minute=23
[2026-05-27 13:23:58] silent no_event_no_snapshot quotes=7
[2026-05-27 13:24:58] skipped event_check minute=24
[2026-05-27 13:24:58] silent no_event_no_snapshot quotes=7
[2026-05-27 13:25:59] silent no_event_no_snapshot quotes=7
[2026-05-27 13:26:59] skipped event_check minute=26
[2026-05-27 13:26:59] silent no_event_no_snapshot quotes=7
[2026-05-27 13:27:59] skipped event_check minute=27
[2026-05-27 13:27:59] silent no_event_no_snapshot quotes=7
[2026-05-27 13:29:00] skipped event_check minute=29
[2026-05-27 13:29:00] silent no_event_no_snapshot quotes=7
[2026-05-27 13:30:00] sent monitor_report quotes=7
[2026-05-27 13:31:01] skipped event_check minute=31
[2026-05-27 13:31:01] silent no_event_no_snapshot quotes=7
[2026-05-27 13:32:01] skipped event_check minute=32
[2026-05-27 13:32:01] silent no_event_no_snapshot quotes=7
[2026-05-27 13:33:01] skipped event_check minute=33
[2026-05-27 13:33:01] silent no_event_no_snapshot quotes=7
[2026-05-27 13:34:01] skipped event_check minute=34
[2026-05-27 13:34:01] silent no_event_no_snapshot quotes=7
[2026-05-27 13:35:02] silent no_event_no_snapshot quotes=7
[2026-05-27 13:36:02] skipped event_check minute=36
[2026-05-27 13:36:02] silent no_event_no_snapshot quotes=7
[2026-05-27 13:37:03] skipped event_check minute=37
[2026-05-27 13:37:03] silent no_event_no_snapshot quotes=7
[2026-05-27 13:38:03] skipped event_check minute=38
[2026-05-27 13:38:03] silent no_event_no_snapshot quotes=7
[2026-05-27 13:39:03] skipped event_check minute=39
[2026-05-27 13:39:03] silent no_event_no_snapshot quotes=7
[2026-05-27 13:40:04] silent no_event_no_snapshot quotes=7
[2026-05-27 13:41:04] skipped event_check minute=41
[2026-05-27 13:41:04] silent no_event_no_snapshot quotes=7
[2026-05-27 13:42:04] skipped event_check minute=42
[2026-05-27 13:42:04] silent no_event_no_snapshot quotes=7
[2026-05-27 13:43:05] skipped event_check minute=43
[2026-05-27 13:43:05] silent no_event_no_snapshot quotes=7
[2026-05-27 13:44:05] skipped event_check minute=44
[2026-05-27 13:44:05] silent no_event_no_snapshot quotes=7
[2026-05-27 13:45:06] queued delayed_snapshot after event(s)
[2026-05-27 13:45:06] sent 2 alert(s)
[2026-05-27 13:46:06] skipped event_check minute=46
[2026-05-27 13:46:06] silent no_event_no_snapshot quotes=7
[2026-05-27 13:47:07] skipped event_check minute=47
[2026-05-27 13:47:07] silent no_event_no_snapshot quotes=7
[2026-05-27 13:48:07] skipped event_check minute=48
[2026-05-27 13:48:07] sent delayed_snapshot
[2026-05-27 13:49:08] skipped event_check minute=49
[2026-05-27 13:49:08] silent no_event_no_snapshot quotes=7
[2026-05-27 13:50:08] silent no_event_no_snapshot quotes=7
[2026-05-27 13:51:08] skipped event_check minute=51
[2026-05-27 13:51:08] silent no_event_no_snapshot quotes=7
[2026-05-27 13:52:09] skipped event_check minute=52
[2026-05-27 13:52:09] silent no_event_no_snapshot quotes=7
[2026-05-27 13:53:09] skipped event_check minute=53
[2026-05-27 13:53:09] silent no_event_no_snapshot quotes=7
[2026-05-27 13:54:09] skipped event_check minute=54
[2026-05-27 13:54:09] silent no_event_no_snapshot quotes=7
[2026-05-27 13:55:10] silent no_event_no_snapshot quotes=7
[2026-05-27 13:56:10] skipped event_check minute=56
[2026-05-27 13:56:10] silent no_event_no_snapshot quotes=7
[2026-05-27 13:57:10] skipped event_check minute=57
[2026-05-27 13:57:10] silent no_event_no_snapshot quotes=7
[2026-05-27 13:58:11] skipped event_check minute=58
[2026-05-27 13:58:11] silent no_event_no_snapshot quotes=7
[2026-05-27 13:59:11] skipped event_check minute=59
[2026-05-27 13:59:11] silent no_event_no_snapshot quotes=7
[2026-05-27 14:00:11] sent monitor_report quotes=7
[2026-05-27 14:01:12] skipped event_check minute=1
[2026-05-27 14:01:12] silent no_event_no_snapshot quotes=7
[2026-05-27 14:02:12] skipped event_check minute=2
[2026-05-27 14:02:12] silent no_event_no_snapshot quotes=7
[2026-05-27 14:03:13] skipped event_check minute=3
[2026-05-27 14:03:13] silent no_event_no_snapshot quotes=7
[2026-05-27 14:04:13] skipped event_check minute=4
[2026-05-27 14:04:13] silent no_event_no_snapshot quotes=7
[2026-05-27 14:05:13] silent no_event_no_snapshot quotes=7
[2026-05-27 14:06:14] skipped event_check minute=6
[2026-05-27 14:06:14] silent no_event_no_snapshot quotes=7
[2026-05-27 14:07:14] skipped event_check minute=7
[2026-05-27 14:07:14] silent no_event_no_snapshot quotes=7
[2026-05-27 14:08:15] skipped event_check minute=8
[2026-05-27 14:08:15] silent no_event_no_snapshot quotes=7
[2026-05-27 14:09:15] skipped event_check minute=9
[2026-05-27 14:09:15] silent no_event_no_snapshot quotes=7
[2026-05-27 14:10:15] silent no_event_no_snapshot quotes=7
[2026-05-27 14:11:16] skipped event_check minute=11
[2026-05-27 14:11:16] silent no_event_no_snapshot quotes=7
[2026-05-27 14:12:16] skipped event_check minute=12
[2026-05-27 14:12:16] silent no_event_no_snapshot quotes=7
[2026-05-27 14:13:17] skipped event_check minute=13
[2026-05-27 14:13:17] silent no_event_no_snapshot quotes=7
[2026-05-27 14:14:17] skipped event_check minute=14
[2026-05-27 14:14:17] silent no_event_no_snapshot quotes=7
[2026-05-27 14:15:17] queued delayed_snapshot after event(s)
[2026-05-27 14:15:17] sent 1 alert(s)
[2026-05-27 14:16:18] skipped event_check minute=16
[2026-05-27 14:16:18] silent no_event_no_snapshot quotes=7
[2026-05-27 14:17:18] skipped event_check minute=17
[2026-05-27 14:17:18] silent no_event_no_snapshot quotes=7
[2026-05-27 14:18:19] skipped event_check minute=18
[2026-05-27 14:18:19] sent delayed_snapshot
[2026-05-27 14:19:19] skipped event_check minute=19
[2026-05-27 14:19:19] silent no_event_no_snapshot quotes=7
[2026-05-27 14:20:20] silent no_event_no_snapshot quotes=7
[2026-05-27 14:21:20] skipped event_check minute=21
[2026-05-27 14:21:20] silent no_event_no_snapshot quotes=7
[2026-05-27 14:22:20] skipped event_check minute=22
[2026-05-27 14:22:20] silent no_event_no_snapshot quotes=7
[2026-05-27 14:23:21] skipped event_check minute=23
[2026-05-27 14:23:21] silent no_event_no_snapshot quotes=7
[2026-05-27 14:24:21] skipped event_check minute=24
[2026-05-27 14:24:21] silent no_event_no_snapshot quotes=7
[2026-05-27 14:25:22] silent no_event_no_snapshot quotes=7
[2026-05-27 14:26:22] skipped event_check minute=26
[2026-05-27 14:26:22] silent no_event_no_snapshot quotes=7
[2026-05-27 14:27:22] skipped event_check minute=27
[2026-05-27 14:27:22] silent no_event_no_snapshot quotes=7
[2026-05-27 14:28:23] skipped event_check minute=28
[2026-05-27 14:28:23] silent no_event_no_snapshot quotes=7
[2026-05-27 14:29:23] skipped event_check minute=29
[2026-05-27 14:29:23] silent no_event_no_snapshot quotes=7
[2026-05-27 14:30:23] sent monitor_report quotes=7
[2026-05-27 14:31:24] skipped event_check minute=31
[2026-05-27 14:31:24] silent no_event_no_snapshot quotes=7
[2026-05-27 14:32:24] skipped event_check minute=32
[2026-05-27 14:32:24] silent no_event_no_snapshot quotes=7
[2026-05-27 14:33:24] skipped event_check minute=33
[2026-05-27 14:33:24] silent no_event_no_snapshot quotes=7
[2026-05-27 14:34:25] skipped event_check minute=34
[2026-05-27 14:34:25] silent no_event_no_snapshot quotes=7
[2026-05-27 14:35:25] silent no_event_no_snapshot quotes=7
[2026-05-27 14:36:25] skipped event_check minute=36
[2026-05-27 14:36:25] silent no_event_no_snapshot quotes=7
[2026-05-27 14:37:26] skipped event_check minute=37
[2026-05-27 14:37:26] silent no_event_no_snapshot quotes=7
[2026-05-27 14:38:26] skipped event_check minute=38
[2026-05-27 14:38:26] silent no_event_no_snapshot quotes=7
[2026-05-27 14:39:26] skipped event_check minute=39
[2026-05-27 14:39:26] silent no_event_no_snapshot quotes=7
[2026-05-27 14:40:27] silent no_event_no_snapshot quotes=7
[2026-05-27 14:41:27] skipped event_check minute=41
[2026-05-27 14:41:27] silent no_event_no_snapshot quotes=7
[2026-05-27 14:42:27] skipped event_check minute=42
[2026-05-27 14:42:27] silent no_event_no_snapshot quotes=7
[2026-05-27 14:43:28] skipped event_check minute=43
[2026-05-27 14:43:28] silent no_event_no_snapshot quotes=7
[2026-05-27 14:44:28] skipped event_check minute=44
[2026-05-27 14:44:28] silent no_event_no_snapshot quotes=7
[2026-05-27 14:45:28] sent monitor_report quotes=7
[2026-05-27 14:46:29] skipped event_check minute=46
[2026-05-27 14:46:29] silent no_event_no_snapshot quotes=7
[2026-05-27 14:47:29] skipped event_check minute=47
[2026-05-27 14:47:29] silent no_event_no_snapshot quotes=7
[2026-05-27 14:48:29] skipped event_check minute=48
[2026-05-27 14:48:29] silent no_event_no_snapshot quotes=7
[2026-05-27 14:49:29] skipped event_check minute=49
[2026-05-27 14:49:29] silent no_event_no_snapshot quotes=7
[2026-05-27 14:50:30] silent no_event_no_snapshot quotes=7
[2026-05-27 14:51:30] skipped event_check minute=51
[2026-05-27 14:51:30] silent no_event_no_snapshot quotes=7
[2026-05-27 14:52:30] skipped event_check minute=52
[2026-05-27 14:52:30] silent no_event_no_snapshot quotes=7
[2026-05-27 14:53:31] skipped event_check minute=53
[2026-05-27 14:53:31] silent no_event_no_snapshot quotes=7
[2026-05-27 14:54:31] skipped event_check minute=54
[2026-05-27 14:54:31] silent no_event_no_snapshot quotes=7
[2026-05-27 14:55:31] silent no_event_no_snapshot quotes=7
[2026-05-27 14:56:31] skipped event_check minute=56
[2026-05-27 14:56:31] silent no_event_no_snapshot quotes=7
[2026-05-27 14:57:32] skipped event_check minute=57
[2026-05-27 14:57:32] silent no_event_no_snapshot quotes=7
[2026-05-27 14:58:32] skipped event_check minute=58
[2026-05-27 14:58:32] silent no_event_no_snapshot quotes=7
[2026-05-27 14:59:33] skipped event_check minute=59
[2026-05-27 14:59:33] silent no_event_no_snapshot quotes=7
[2026-05-27 15:10:31] preopen_rotate ok source=0527D3_candidate_AND.csv count=7 filtered=2 d4_sources=[]
[2026-05-27 15:10:31] preopen_guard checked errors=0 warnings=1 stage=0527D3
[2026-05-27 15:10:31] preopen_guard warnings ["未发现/未记录 0527D4 强势雷达来源；若昨日D3无走强可忽略，否则需补D4流转"]
[2026-05-27 19:30:37] preopen_rotate ok source=0527D3_candidate_AND_174309.csv count=7 filtered=2 d4_sources=['0527D4_strong_radar_recovered_174309.csv']
[2026-05-27 19:30:37] preopen_guard checked errors=0 warnings=0 stage=0527D3
[2026-05-27 19:32:29] preopen_guard checked errors=0 warnings=0 stage=0527D3
[2026-05-28 09:30:00] stale_active_watchlist expected_prefix=0528 stale=['600863:0527D3', '603360:0527D3', '603919:0527D3', '000988:0527D3', '600396:0527D3', '002613:0527D3', '603303:0527D3']
[2026-05-28 21:55:50] preopen_rotate ok sources=['0528D4_position_rollover_214902.csv'] count=2 filtered=0
[2026-05-28 21:55:50] preopen_guard checked errors=0 warnings=0 prefix=0528
[2026-05-28 21:57:19] preopen_guard checked errors=0 warnings=0 prefix=0528
[2026-05-28 23:11:13] preopen_rotate ok sources=['0528D4_watch_manual_review_231050.csv', '0528D4_position_rollover_214902.csv'] count=6 filtered=0
[2026-05-28 23:11:13] preopen_guard checked errors=0 warnings=0 prefix=0528
[2026-05-28 00:32:05] preopen_rotate ok sources=['0528D3_watch_manual_review_003017.csv', '0528D4_watch_manual_review_231050.csv', '0528D4_position_rollover_214902.csv'] count=11 filtered=0
[2026-05-28 08:50:39] preopen_rotate skip already_current date=2026-05-28
[2026-05-28 09:05:42] preopen_guard checked errors=0 warnings=0 prefix=0528
[2026-05-28 09:25:47] sent 13 alert(s)
[2026-05-28 09:26:50] skipped event_check minute=26
[2026-05-28 09:26:50] silent no_event_no_snapshot quotes=11
[2026-05-28 09:27:50] skipped event_check minute=27
[2026-05-28 09:27:50] silent no_event_no_snapshot quotes=11
[2026-05-28 09:28:50] skipped event_check minute=28
[2026-05-28 09:28:50] silent no_event_no_snapshot quotes=11
[2026-05-28 09:28:58] silent no_event_no_snapshot quotes=11
[2026-05-28 09:29:51] skipped event_check minute=29
[2026-05-28 09:29:51] silent no_event_no_snapshot quotes=11
[2026-05-28 09:30:52] queued delayed_snapshot after event(s)
[2026-05-28 09:30:52] sent 5 alert(s)
[2026-05-28 09:31:52] skipped event_check minute=31
[2026-05-28 09:31:52] silent no_event_no_snapshot quotes=11
[2026-05-28 09:32:53] skipped event_check minute=32
[2026-05-28 09:32:53] silent no_event_no_snapshot quotes=11
[2026-05-28 09:33:53] skipped event_check minute=33
[2026-05-28 09:33:53] sent delayed_snapshot
[2026-05-28 09:34:54] skipped event_check minute=34
[2026-05-28 09:34:54] silent no_event_no_snapshot quotes=11
[2026-05-28 09:35:44] sent 2 alert(s)
[2026-05-28 09:35:54] sent 1 alert(s)
[2026-05-28 09:36:55] skipped event_check minute=36
[2026-05-28 09:36:55] silent no_event_no_snapshot quotes=11
[2026-05-28 09:37:55] skipped event_check minute=37
[2026-05-28 09:37:55] silent no_event_no_snapshot quotes=11
[2026-05-28 09:38:56] skipped event_check minute=38
[2026-05-28 09:38:56] silent no_event_no_snapshot quotes=11
[2026-05-28 09:39:56] skipped event_check minute=39
[2026-05-28 09:39:56] silent no_event_no_snapshot quotes=11
[2026-05-28 09:40:56] sent 3 alert(s)
[2026-05-28 09:41:57] skipped event_check minute=41
[2026-05-28 09:41:57] silent no_event_no_snapshot quotes=11
[2026-05-28 09:42:57] skipped event_check minute=42
[2026-05-28 09:42:57] silent no_event_no_snapshot quotes=11
[2026-05-28 09:43:57] skipped event_check minute=43
[2026-05-28 09:43:57] silent no_event_no_snapshot quotes=11
[2026-05-28 09:44:58] skipped event_check minute=44
[2026-05-28 09:44:58] silent no_event_no_snapshot quotes=11
[2026-05-28 09:45:58] queued delayed_snapshot after event(s)
[2026-05-28 09:45:58] sent 1 alert(s)
[2026-05-28 09:46:59] skipped event_check minute=46
[2026-05-28 09:46:59] silent no_event_no_snapshot quotes=11
[2026-05-28 09:47:59] skipped event_check minute=47
[2026-05-28 09:47:59] silent no_event_no_snapshot quotes=11
[2026-05-28 09:49:00] skipped event_check minute=49
[2026-05-28 09:49:00] sent delayed_snapshot
[2026-05-28 09:50:00] sent 2 alert(s)
[2026-05-28 09:51:01] skipped event_check minute=51
[2026-05-28 09:51:01] silent no_event_no_snapshot quotes=11
[2026-05-28 09:52:01] skipped event_check minute=52
[2026-05-28 09:52:01] silent no_event_no_snapshot quotes=11
[2026-05-28 09:53:02] skipped event_check minute=53
[2026-05-28 09:53:02] silent no_event_no_snapshot quotes=11
[2026-05-28 09:54:02] skipped event_check minute=54
[2026-05-28 09:54:02] silent no_event_no_snapshot quotes=11
[2026-05-28 09:55:03] sent 1 alert(s)
[2026-05-28 09:56:03] skipped event_check minute=56
[2026-05-28 09:56:03] silent no_event_no_snapshot quotes=11
[2026-05-28 09:57:04] skipped event_check minute=57
[2026-05-28 09:57:04] silent no_event_no_snapshot quotes=11
[2026-05-28 09:58:04] skipped event_check minute=58
[2026-05-28 09:58:04] silent no_event_no_snapshot quotes=11
[2026-05-28 09:59:04] skipped event_check minute=59
[2026-05-28 09:59:04] silent no_event_no_snapshot quotes=11
[2026-05-28 10:00:04] sent monitor_report quotes=11
[2026-05-28 10:01:05] skipped event_check minute=1
[2026-05-28 10:01:05] silent no_event_no_snapshot quotes=11
[2026-05-28 10:02:05] skipped event_check minute=2
[2026-05-28 10:02:05] silent no_event_no_snapshot quotes=11
[2026-05-28 10:03:06] skipped event_check minute=3
[2026-05-28 10:03:06] silent no_event_no_snapshot quotes=11
[2026-05-28 10:04:06] skipped event_check minute=4
[2026-05-28 10:04:06] silent no_event_no_snapshot quotes=11
[2026-05-28 10:05:06] silent no_event_no_snapshot quotes=11
[2026-05-28 10:06:07] skipped event_check minute=6
[2026-05-28 10:06:07] silent no_event_no_snapshot quotes=11
[2026-05-28 10:07:07] skipped event_check minute=7
[2026-05-28 10:07:07] silent no_event_no_snapshot quotes=11
[2026-05-28 10:08:07] skipped event_check minute=8
[2026-05-28 10:08:07] silent no_event_no_snapshot quotes=11
[2026-05-28 10:09:08] skipped event_check minute=9
[2026-05-28 10:09:08] silent no_event_no_snapshot quotes=11
[2026-05-28 10:10:08] silent no_event_no_snapshot quotes=11
[2026-05-28 10:11:08] skipped event_check minute=11
[2026-05-28 10:11:08] silent no_event_no_snapshot quotes=11
[2026-05-28 10:12:09] skipped event_check minute=12
[2026-05-28 10:12:09] silent no_event_no_snapshot quotes=11
[2026-05-28 10:13:09] skipped event_check minute=13
[2026-05-28 10:13:09] silent no_event_no_snapshot quotes=11
[2026-05-28 10:14:09] skipped event_check minute=14
[2026-05-28 10:14:09] silent no_event_no_snapshot quotes=11
[2026-05-28 10:15:09] sent monitor_report quotes=11
[2026-05-28 10:16:10] skipped event_check minute=16
[2026-05-28 10:16:10] silent no_event_no_snapshot quotes=11
[2026-05-28 10:17:11] skipped event_check minute=17
[2026-05-28 10:17:11] silent no_event_no_snapshot quotes=11
[2026-05-28 10:18:11] skipped event_check minute=18
[2026-05-28 10:18:11] silent no_event_no_snapshot quotes=11
[2026-05-28 10:19:11] skipped event_check minute=19
[2026-05-28 10:19:11] silent no_event_no_snapshot quotes=11
[2026-05-28 10:20:03] sent 1 alert(s)
[2026-05-28 10:20:11] silent no_event_no_snapshot quotes=12
[2026-05-28 10:20:40] sent 1 alert(s)
[2026-05-28 10:21:12] skipped event_check minute=21
[2026-05-28 10:21:12] silent no_event_no_snapshot quotes=12
[2026-05-28 10:22:12] skipped event_check minute=22
[2026-05-28 10:22:12] silent no_event_no_snapshot quotes=12
[2026-05-28 10:23:13] skipped event_check minute=23
[2026-05-28 10:23:13] silent no_event_no_snapshot quotes=12
[2026-05-28 10:24:13] skipped event_check minute=24
[2026-05-28 10:24:13] silent no_event_no_snapshot quotes=12
[2026-05-28 10:25:13] sent 1 alert(s)
[2026-05-28 10:26:14] skipped event_check minute=26
[2026-05-28 10:26:14] silent no_event_no_snapshot quotes=12
[2026-05-28 10:27:14] skipped event_check minute=27
[2026-05-28 10:27:14] silent no_event_no_snapshot quotes=12
[2026-05-28 10:28:15] skipped event_check minute=28
[2026-05-28 10:28:15] silent no_event_no_snapshot quotes=12
[2026-05-28 10:29:15] skipped event_check minute=29
[2026-05-28 10:29:15] silent no_event_no_snapshot quotes=12
[2026-05-28 10:30:15] sent monitor_report quotes=12
[2026-05-28 10:31:18] skipped event_check minute=31
[2026-05-28 10:31:18] silent no_event_no_snapshot quotes=12
[2026-05-28 10:32:18] skipped event_check minute=32
[2026-05-28 10:32:18] silent no_event_no_snapshot quotes=12
[2026-05-28 10:33:19] skipped event_check minute=33
[2026-05-28 10:33:19] silent no_event_no_snapshot quotes=12
[2026-05-28 10:34:19] skipped event_check minute=34
[2026-05-28 10:34:19] silent no_event_no_snapshot quotes=12
[2026-05-28 10:35:19] sent 1 alert(s)
[2026-05-28 10:36:20] skipped event_check minute=36
[2026-05-28 10:36:20] silent no_event_no_snapshot quotes=12
[2026-05-28 10:37:20] skipped event_check minute=37
[2026-05-28 10:37:20] silent no_event_no_snapshot quotes=12
[2026-05-28 10:38:21] skipped event_check minute=38
[2026-05-28 10:38:21] silent no_event_no_snapshot quotes=12
[2026-05-28 10:39:21] skipped event_check minute=39
[2026-05-28 10:39:21] silent no_event_no_snapshot quotes=12
[2026-05-28 10:40:21] sent 1 alert(s)
[2026-05-28 10:41:20] skipped event_check minute=41
[2026-05-28 10:41:20] silent no_event_no_snapshot quotes=12
[2026-05-28 10:42:20] skipped event_check minute=42
[2026-05-28 10:42:20] silent no_event_no_snapshot quotes=12
[2026-05-28 10:43:21] skipped event_check minute=43
[2026-05-28 10:43:21] silent no_event_no_snapshot quotes=12
[2026-05-28 10:44:21] skipped event_check minute=44
[2026-05-28 10:44:21] silent no_event_no_snapshot quotes=12
[2026-05-28 10:45:21] queued delayed_snapshot after event(s)
[2026-05-28 10:45:21] sent 1 alert(s)
[2026-05-28 10:46:22] skipped event_check minute=46
[2026-05-28 10:46:22] silent no_event_no_snapshot quotes=12
[2026-05-28 10:47:22] skipped event_check minute=47
[2026-05-28 10:47:22] silent no_event_no_snapshot quotes=12
[2026-05-28 10:48:23] skipped event_check minute=48
[2026-05-28 10:48:23] sent delayed_snapshot
[2026-05-28 10:49:25] skipped event_check minute=49
[2026-05-28 10:49:25] silent no_event_no_snapshot quotes=12
[2026-05-28 10:50:25] silent no_event_no_snapshot quotes=12
[2026-05-28 10:51:26] skipped event_check minute=51
[2026-05-28 10:51:26] silent no_event_no_snapshot quotes=12
[2026-05-28 10:52:26] skipped event_check minute=52
[2026-05-28 10:52:26] silent no_event_no_snapshot quotes=12
[2026-05-28 10:53:27] skipped event_check minute=53
[2026-05-28 10:53:27] silent no_event_no_snapshot quotes=12
[2026-05-28 10:54:27] skipped event_check minute=54
[2026-05-28 10:54:27] silent no_event_no_snapshot quotes=12
[2026-05-28 10:55:27] sent 1 alert(s)
[2026-05-28 10:56:28] skipped event_check minute=56
[2026-05-28 10:56:28] silent no_event_no_snapshot quotes=12
[2026-05-28 10:57:28] skipped event_check minute=57
[2026-05-28 10:57:28] silent no_event_no_snapshot quotes=12
[2026-05-28 10:58:29] skipped event_check minute=58
[2026-05-28 10:58:29] silent no_event_no_snapshot quotes=12
[2026-05-28 10:59:29] skipped event_check minute=59
[2026-05-28 10:59:29] silent no_event_no_snapshot quotes=12
[2026-05-28 11:00:29] sent monitor_report quotes=12
[2026-05-28 11:01:32] skipped event_check minute=1
[2026-05-28 11:01:32] silent no_event_no_snapshot quotes=12
[2026-05-28 11:02:32] skipped event_check minute=2
[2026-05-28 11:02:32] silent no_event_no_snapshot quotes=12
[2026-05-28 11:03:32] skipped event_check minute=3
[2026-05-28 11:03:32] silent no_event_no_snapshot quotes=12
[2026-05-28 11:04:33] skipped event_check minute=4
[2026-05-28 11:04:33] silent no_event_no_snapshot quotes=12
[2026-05-28 11:05:33] silent no_event_no_snapshot quotes=12
[2026-05-28 11:06:34] skipped event_check minute=6
[2026-05-28 11:06:34] silent no_event_no_snapshot quotes=12
[2026-05-28 11:07:34] skipped event_check minute=7
[2026-05-28 11:07:34] silent no_event_no_snapshot quotes=12
[2026-05-28 11:08:34] skipped event_check minute=8
[2026-05-28 11:08:34] silent no_event_no_snapshot quotes=12
[2026-05-28 11:09:35] skipped event_check minute=9
[2026-05-28 11:09:35] silent no_event_no_snapshot quotes=12
[2026-05-28 11:10:35] silent no_event_no_snapshot quotes=12
[2026-05-28 11:11:35] skipped event_check minute=11
[2026-05-28 11:11:35] silent no_event_no_snapshot quotes=12
[2026-05-28 11:12:35] skipped event_check minute=12
[2026-05-28 11:12:35] silent no_event_no_snapshot quotes=12
[2026-05-28 11:13:36] skipped event_check minute=13
[2026-05-28 11:13:36] silent no_event_no_snapshot quotes=12
[2026-05-28 11:14:36] skipped event_check minute=14
[2026-05-28 11:14:36] silent no_event_no_snapshot quotes=12
[2026-05-28 11:15:36] sent monitor_report quotes=12
[2026-05-28 11:16:39] skipped event_check minute=16
[2026-05-28 11:16:39] silent no_event_no_snapshot quotes=12
[2026-05-28 11:17:39] skipped event_check minute=17
[2026-05-28 11:17:39] silent no_event_no_snapshot quotes=12
[2026-05-28 11:18:40] skipped event_check minute=18
[2026-05-28 11:18:40] silent no_event_no_snapshot quotes=12
[2026-05-28 11:19:40] skipped event_check minute=19
[2026-05-28 11:19:40] silent no_event_no_snapshot quotes=12
[2026-05-28 11:20:40] sent 1 alert(s)
[2026-05-28 11:21:41] skipped event_check minute=21
[2026-05-28 11:21:41] silent no_event_no_snapshot quotes=12
[2026-05-28 11:22:42] skipped event_check minute=22
[2026-05-28 11:22:42] silent no_event_no_snapshot quotes=12
[2026-05-28 11:23:42] skipped event_check minute=23
[2026-05-28 11:23:42] silent no_event_no_snapshot quotes=12
[2026-05-28 11:24:42] skipped event_check minute=24
[2026-05-28 11:24:42] silent no_event_no_snapshot quotes=12
[2026-05-28 11:25:43] silent no_event_no_snapshot quotes=12
[2026-05-28 11:26:43] skipped event_check minute=26
[2026-05-28 11:26:43] silent no_event_no_snapshot quotes=12
[2026-05-28 11:27:43] skipped event_check minute=27
[2026-05-28 11:27:43] silent no_event_no_snapshot quotes=12
[2026-05-28 11:28:44] skipped event_check minute=28
[2026-05-28 11:28:44] silent no_event_no_snapshot quotes=12
[2026-05-28 11:29:44] skipped event_check minute=29
[2026-05-28 11:29:44] silent no_event_no_snapshot quotes=12
[2026-05-28 11:30:44] sent monitor_report quotes=12
[2026-05-28 13:00:12] sent monitor_report quotes=12
[2026-05-28 13:01:14] skipped event_check minute=1
[2026-05-28 13:01:14] silent no_event_no_snapshot quotes=12
[2026-05-28 13:02:15] skipped event_check minute=2
[2026-05-28 13:02:15] silent no_event_no_snapshot quotes=12
[2026-05-28 13:03:15] skipped event_check minute=3
[2026-05-28 13:03:15] silent no_event_no_snapshot quotes=12
[2026-05-28 13:04:15] skipped event_check minute=4
[2026-05-28 13:04:15] silent no_event_no_snapshot quotes=12
[2026-05-28 13:05:16] sent 1 alert(s)
[2026-05-28 13:06:16] skipped event_check minute=6
[2026-05-28 13:06:16] silent no_event_no_snapshot quotes=12
[2026-05-28 13:07:17] skipped event_check minute=7
[2026-05-28 13:07:17] silent no_event_no_snapshot quotes=12
[2026-05-28 13:08:17] skipped event_check minute=8
[2026-05-28 13:08:17] silent no_event_no_snapshot quotes=12
[2026-05-28 13:09:17] skipped event_check minute=9
[2026-05-28 13:09:17] silent no_event_no_snapshot quotes=12
[2026-05-28 13:10:18] silent no_event_no_snapshot quotes=12
[2026-05-28 13:11:18] skipped event_check minute=11
[2026-05-28 13:11:18] silent no_event_no_snapshot quotes=12
[2026-05-28 13:12:18] skipped event_check minute=12
[2026-05-28 13:12:18] silent no_event_no_snapshot quotes=12
[2026-05-28 13:13:19] skipped event_check minute=13
[2026-05-28 13:13:19] silent no_event_no_snapshot quotes=12
[2026-05-28 13:14:19] skipped event_check minute=14
[2026-05-28 13:14:19] silent no_event_no_snapshot quotes=12
[2026-05-28 13:15:19] sent monitor_report quotes=12
[2026-05-28 13:16:47] skipped event_check minute=16
[2026-05-28 13:16:47] silent no_event_no_snapshot quotes=12
[2026-05-28 13:17:47] skipped event_check minute=17
[2026-05-28 13:17:47] silent no_event_no_snapshot quotes=12
[2026-05-28 13:18:48] skipped event_check minute=18
[2026-05-28 13:18:48] silent no_event_no_snapshot quotes=12
[2026-05-28 13:19:48] skipped event_check minute=19
[2026-05-28 13:19:48] silent no_event_no_snapshot quotes=12
[2026-05-28 13:20:48] silent no_event_no_snapshot quotes=12
[2026-05-28 13:21:49] skipped event_check minute=21
[2026-05-28 13:21:49] silent no_event_no_snapshot quotes=12
[2026-05-28 13:22:49] skipped event_check minute=22
[2026-05-28 13:22:49] silent no_event_no_snapshot quotes=12
[2026-05-28 13:23:49] skipped event_check minute=23
[2026-05-28 13:23:49] silent no_event_no_snapshot quotes=12
[2026-05-28 13:24:50] skipped event_check minute=24
[2026-05-28 13:24:50] silent no_event_no_snapshot quotes=12
[2026-05-28 13:25:50] sent 1 alert(s)
[2026-05-28 13:27:16] skipped event_check minute=27
[2026-05-28 13:27:16] silent no_event_no_snapshot quotes=12
[2026-05-28 13:28:17] skipped event_check minute=28
[2026-05-28 13:28:17] silent no_event_no_snapshot quotes=12
[2026-05-28 13:29:17] skipped event_check minute=29
[2026-05-28 13:29:17] silent no_event_no_snapshot quotes=12
[2026-05-28 13:30:17] sent monitor_report quotes=12
[2026-05-28 13:31:43] skipped event_check minute=31
[2026-05-28 13:31:43] silent no_event_no_snapshot quotes=12
[2026-05-28 13:32:44] skipped event_check minute=32
[2026-05-28 13:32:44] silent no_event_no_snapshot quotes=12
[2026-05-28 13:33:44] skipped event_check minute=33
[2026-05-28 13:33:44] silent no_event_no_snapshot quotes=12
[2026-05-28 13:34:44] skipped event_check minute=34
[2026-05-28 13:34:44] silent no_event_no_snapshot quotes=12
[2026-05-28 13:35:45] silent no_event_no_snapshot quotes=12
[2026-05-28 13:36:45] skipped event_check minute=36
[2026-05-28 13:36:45] silent no_event_no_snapshot quotes=12
[2026-05-28 13:37:45] skipped event_check minute=37
[2026-05-28 13:37:45] silent no_event_no_snapshot quotes=12
[2026-05-28 13:38:46] skipped event_check minute=38
[2026-05-28 13:38:46] silent no_event_no_snapshot quotes=12
[2026-05-28 13:39:46] skipped event_check minute=39
[2026-05-28 13:39:46] silent no_event_no_snapshot quotes=12
[2026-05-28 13:40:46] silent no_event_no_snapshot quotes=12
[2026-05-28 13:41:47] skipped event_check minute=41
[2026-05-28 13:41:47] silent no_event_no_snapshot quotes=12
[2026-05-28 13:42:47] skipped event_check minute=42
[2026-05-28 13:42:47] silent no_event_no_snapshot quotes=12
[2026-05-28 13:43:47] skipped event_check minute=43
[2026-05-28 13:43:47] silent no_event_no_snapshot quotes=12
[2026-05-28 13:44:48] skipped event_check minute=44
[2026-05-28 13:44:48] silent no_event_no_snapshot quotes=12
[2026-05-28 13:45:48] sent monitor_report quotes=12
[2026-05-28 13:46:50] skipped event_check minute=46
[2026-05-28 13:46:50] silent no_event_no_snapshot quotes=12
[2026-05-28 13:47:51] skipped event_check minute=47
[2026-05-28 13:47:51] silent no_event_no_snapshot quotes=12
[2026-05-28 13:48:51] skipped event_check minute=48
[2026-05-28 13:48:51] silent no_event_no_snapshot quotes=12
[2026-05-28 13:49:51] skipped event_check minute=49
[2026-05-28 13:49:51] silent no_event_no_snapshot quotes=12
[2026-05-28 13:50:52] silent no_event_no_snapshot quotes=12
[2026-05-28 13:51:52] skipped event_check minute=51
[2026-05-28 13:51:52] silent no_event_no_snapshot quotes=12
[2026-05-28 13:52:52] skipped event_check minute=52
[2026-05-28 13:52:52] silent no_event_no_snapshot quotes=12
[2026-05-28 13:53:53] skipped event_check minute=53
[2026-05-28 13:53:53] silent no_event_no_snapshot quotes=12
[2026-05-28 13:54:53] skipped event_check minute=54
[2026-05-28 13:54:53] silent no_event_no_snapshot quotes=12
[2026-05-28 13:55:53] silent no_event_no_snapshot quotes=12
[2026-05-28 13:56:54] skipped event_check minute=56
[2026-05-28 13:56:54] silent no_event_no_snapshot quotes=12
[2026-05-28 13:57:54] skipped event_check minute=57
[2026-05-28 13:57:54] silent no_event_no_snapshot quotes=12
[2026-05-28 13:58:54] skipped event_check minute=58
[2026-05-28 13:58:54] silent no_event_no_snapshot quotes=12
[2026-05-28 13:59:55] skipped event_check minute=59
[2026-05-28 13:59:55] silent no_event_no_snapshot quotes=12
[2026-05-28 14:00:55] sent monitor_report quotes=12
[2026-05-28 14:01:58] skipped event_check minute=1
[2026-05-28 14:01:58] silent no_event_no_snapshot quotes=12
[2026-05-28 14:02:58] skipped event_check minute=2
[2026-05-28 14:02:58] silent no_event_no_snapshot quotes=12
[2026-05-28 14:03:58] skipped event_check minute=3
[2026-05-28 14:03:58] silent no_event_no_snapshot quotes=12
[2026-05-28 14:04:59] skipped event_check minute=4
[2026-05-28 14:04:59] silent no_event_no_snapshot quotes=12
[2026-05-28 14:05:59] silent no_event_no_snapshot quotes=12
[2026-05-28 14:06:59] skipped event_check minute=6
[2026-05-28 14:06:59] silent no_event_no_snapshot quotes=12
[2026-05-28 14:08:00] skipped event_check minute=8
[2026-05-28 14:08:00] silent no_event_no_snapshot quotes=12
[2026-05-28 14:09:00] skipped event_check minute=9
[2026-05-28 14:09:00] silent no_event_no_snapshot quotes=12
[2026-05-28 14:10:00] sent 1 alert(s)
[2026-05-28 14:11:01] skipped event_check minute=11
[2026-05-28 14:11:01] silent no_event_no_snapshot quotes=12
[2026-05-28 14:12:02] skipped event_check minute=12
[2026-05-28 14:12:02] silent no_event_no_snapshot quotes=12
[2026-05-28 14:13:02] skipped event_check minute=13
[2026-05-28 14:13:02] silent no_event_no_snapshot quotes=12
[2026-05-28 14:14:02] skipped event_check minute=14
[2026-05-28 14:14:02] silent no_event_no_snapshot quotes=12
[2026-05-28 14:15:03] queued delayed_snapshot after event(s)
[2026-05-28 14:15:03] sent 1 alert(s)
[2026-05-28 14:16:29] skipped event_check minute=16
[2026-05-28 14:16:29] silent no_event_no_snapshot quotes=12
[2026-05-28 14:17:29] skipped event_check minute=17
[2026-05-28 14:17:29] silent no_event_no_snapshot quotes=12
[2026-05-28 14:18:30] skipped event_check minute=18
[2026-05-28 14:18:30] sent delayed_snapshot
[2026-05-28 14:19:56] skipped event_check minute=19
[2026-05-28 14:19:56] silent no_event_no_snapshot quotes=12
[2026-05-28 14:20:56] silent no_event_no_snapshot quotes=12
[2026-05-28 14:21:56] skipped event_check minute=21
[2026-05-28 14:21:56] silent no_event_no_snapshot quotes=12
[2026-05-28 14:22:57] skipped event_check minute=22
[2026-05-28 14:22:57] silent no_event_no_snapshot quotes=12
[2026-05-28 14:23:57] skipped event_check minute=23
[2026-05-28 14:23:57] silent no_event_no_snapshot quotes=12
[2026-05-28 14:24:57] skipped event_check minute=24
[2026-05-28 14:24:57] silent no_event_no_snapshot quotes=12
[2026-05-28 14:25:57] silent no_event_no_snapshot quotes=12
[2026-05-28 14:26:58] skipped event_check minute=26
[2026-05-28 14:26:58] silent no_event_no_snapshot quotes=12
[2026-05-28 14:27:58] skipped event_check minute=27
[2026-05-28 14:27:58] silent no_event_no_snapshot quotes=12
[2026-05-28 14:28:58] skipped event_check minute=28
[2026-05-28 14:28:58] silent no_event_no_snapshot quotes=12
[2026-05-28 14:29:59] skipped event_check minute=29
[2026-05-28 14:29:59] silent no_event_no_snapshot quotes=12
[2026-05-28 14:30:59] sent monitor_report quotes=12
[2026-05-28 14:32:25] skipped event_check minute=32
[2026-05-28 14:32:25] silent no_event_no_snapshot quotes=12
[2026-05-28 14:33:25] skipped event_check minute=33
[2026-05-28 14:33:25] silent no_event_no_snapshot quotes=12
[2026-05-28 14:34:26] skipped event_check minute=34
[2026-05-28 14:34:26] silent no_event_no_snapshot quotes=12
[2026-05-28 14:35:26] silent no_event_no_snapshot quotes=12
[2026-05-28 14:36:27] skipped event_check minute=36
[2026-05-28 14:36:27] silent no_event_no_snapshot quotes=12
[2026-05-28 14:37:27] skipped event_check minute=37
[2026-05-28 14:37:27] silent no_event_no_snapshot quotes=12
[2026-05-28 14:38:27] skipped event_check minute=38
[2026-05-28 14:38:27] silent no_event_no_snapshot quotes=12
[2026-05-28 14:39:27] skipped event_check minute=39
[2026-05-28 14:39:27] silent no_event_no_snapshot quotes=12
[2026-05-28 14:40:28] silent no_event_no_snapshot quotes=12
[2026-05-28 14:41:28] skipped event_check minute=41
[2026-05-28 14:41:28] silent no_event_no_snapshot quotes=12
[2026-05-28 14:42:28] skipped event_check minute=42
[2026-05-28 14:42:28] silent no_event_no_snapshot quotes=12
[2026-05-28 14:43:29] skipped event_check minute=43
[2026-05-28 14:43:29] silent no_event_no_snapshot quotes=12
[2026-05-28 14:44:29] skipped event_check minute=44
[2026-05-28 14:44:29] silent no_event_no_snapshot quotes=12
[2026-05-28 14:45:29] sent monitor_report quotes=12
[2026-05-28 14:46:56] skipped event_check minute=46
[2026-05-28 14:46:56] silent no_event_no_snapshot quotes=12
[2026-05-28 14:47:56] skipped event_check minute=47
[2026-05-28 14:47:56] silent no_event_no_snapshot quotes=12
[2026-05-28 14:48:56] skipped event_check minute=48
[2026-05-28 14:48:56] silent no_event_no_snapshot quotes=12
[2026-05-28 14:49:56] skipped event_check minute=49
[2026-05-28 14:49:56] silent no_event_no_snapshot quotes=12
[2026-05-28 14:50:57] silent no_event_no_snapshot quotes=12
[2026-05-28 14:51:57] skipped event_check minute=51
[2026-05-28 14:51:57] silent no_event_no_snapshot quotes=12
[2026-05-28 14:52:57] skipped event_check minute=52
[2026-05-28 14:52:57] silent no_event_no_snapshot quotes=12
[2026-05-28 14:53:57] skipped event_check minute=53
[2026-05-28 14:53:57] silent no_event_no_snapshot quotes=12
[2026-05-28 14:54:58] skipped event_check minute=54
[2026-05-28 14:54:58] silent no_event_no_snapshot quotes=12
[2026-05-28 14:55:58] silent no_event_no_snapshot quotes=12
[2026-05-28 14:56:58] skipped event_check minute=56
[2026-05-28 14:56:58] silent no_event_no_snapshot quotes=12
[2026-05-28 14:57:59] skipped event_check minute=57
[2026-05-28 14:57:59] silent no_event_no_snapshot quotes=12
[2026-05-28 14:58:59] skipped event_check minute=58
[2026-05-28 14:58:59] silent no_event_no_snapshot quotes=12
[2026-05-28 14:59:59] skipped event_check minute=59
[2026-05-28 14:59:59] silent no_event_no_snapshot quotes=12
